
*** Running vivado
    with args -log projectTop.vdi -applog -m64 -product Vivado -messageDb vivado.pb -mode batch -source projectTop.tcl -notrace


****** Vivado v2018.2 (64-bit)
  **** SW Build 2258646 on Thu Jun 14 20:03:12 MDT 2018
  **** IP Build 2256618 on Thu Jun 14 22:10:49 MDT 2018
    ** Copyright 1986-2018 Xilinx, Inc. All Rights Reserved.

source projectTop.tcl -notrace
Command: link_design -top projectTop -part xc7a100tcsg324-1
Design is defaulting to srcset: sources_1
Design is defaulting to constrset: constrs_1
INFO: [Netlist 29-17] Analyzing 61 Unisim elements for replacement
INFO: [Netlist 29-28] Unisim Transformation completed in 0 CPU seconds
INFO: [Project 1-479] Netlist was created with Vivado 2018.2
INFO: [Device 21-403] Loading part xc7a100tcsg324-1
INFO: [Project 1-570] Preparing netlist for logic optimization
Parsing XDC File [F:/MastersProgram/LUSIDVIP/UltraSonic/UltraSonic.srcs/constrs_1/imports/ECE5710/nexys4_ddr.xdc]
WARNING: [Vivado 12-584] No ports matched 'sw[0]'. [F:/MastersProgram/LUSIDVIP/UltraSonic/UltraSonic.srcs/constrs_1/imports/ECE5710/nexys4_ddr.xdc:6]
CRITICAL WARNING: [Common 17-55] 'set_property' expects at least one object. [F:/MastersProgram/LUSIDVIP/UltraSonic/UltraSonic.srcs/constrs_1/imports/ECE5710/nexys4_ddr.xdc:6]
Resolution: If [get_<value>] was used to populate the object, check to make sure this command returns at least one valid object.
WARNING: [Vivado 12-584] No ports matched 'sw[1]'. [F:/MastersProgram/LUSIDVIP/UltraSonic/UltraSonic.srcs/constrs_1/imports/ECE5710/nexys4_ddr.xdc:7]
CRITICAL WARNING: [Common 17-55] 'set_property' expects at least one object. [F:/MastersProgram/LUSIDVIP/UltraSonic/UltraSonic.srcs/constrs_1/imports/ECE5710/nexys4_ddr.xdc:7]
Resolution: If [get_<value>] was used to populate the object, check to make sure this command returns at least one valid object.
WARNING: [Vivado 12-584] No ports matched 'sw[2]'. [F:/MastersProgram/LUSIDVIP/UltraSonic/UltraSonic.srcs/constrs_1/imports/ECE5710/nexys4_ddr.xdc:8]
CRITICAL WARNING: [Common 17-55] 'set_property' expects at least one object. [F:/MastersProgram/LUSIDVIP/UltraSonic/UltraSonic.srcs/constrs_1/imports/ECE5710/nexys4_ddr.xdc:8]
Resolution: If [get_<value>] was used to populate the object, check to make sure this command returns at least one valid object.
WARNING: [Vivado 12-584] No ports matched 'sw[3]'. [F:/MastersProgram/LUSIDVIP/UltraSonic/UltraSonic.srcs/constrs_1/imports/ECE5710/nexys4_ddr.xdc:9]
CRITICAL WARNING: [Common 17-55] 'set_property' expects at least one object. [F:/MastersProgram/LUSIDVIP/UltraSonic/UltraSonic.srcs/constrs_1/imports/ECE5710/nexys4_ddr.xdc:9]
Resolution: If [get_<value>] was used to populate the object, check to make sure this command returns at least one valid object.
WARNING: [Vivado 12-584] No ports matched 'sw[4]'. [F:/MastersProgram/LUSIDVIP/UltraSonic/UltraSonic.srcs/constrs_1/imports/ECE5710/nexys4_ddr.xdc:10]
CRITICAL WARNING: [Common 17-55] 'set_property' expects at least one object. [F:/MastersProgram/LUSIDVIP/UltraSonic/UltraSonic.srcs/constrs_1/imports/ECE5710/nexys4_ddr.xdc:10]
Resolution: If [get_<value>] was used to populate the object, check to make sure this command returns at least one valid object.
WARNING: [Vivado 12-584] No ports matched 'sw[5]'. [F:/MastersProgram/LUSIDVIP/UltraSonic/UltraSonic.srcs/constrs_1/imports/ECE5710/nexys4_ddr.xdc:11]
CRITICAL WARNING: [Common 17-55] 'set_property' expects at least one object. [F:/MastersProgram/LUSIDVIP/UltraSonic/UltraSonic.srcs/constrs_1/imports/ECE5710/nexys4_ddr.xdc:11]
Resolution: If [get_<value>] was used to populate the object, check to make sure this command returns at least one valid object.
WARNING: [Vivado 12-584] No ports matched 'sw[6]'. [F:/MastersProgram/LUSIDVIP/UltraSonic/UltraSonic.srcs/constrs_1/imports/ECE5710/nexys4_ddr.xdc:12]
CRITICAL WARNING: [Common 17-55] 'set_property' expects at least one object. [F:/MastersProgram/LUSIDVIP/UltraSonic/UltraSonic.srcs/constrs_1/imports/ECE5710/nexys4_ddr.xdc:12]
Resolution: If [get_<value>] was used to populate the object, check to make sure this command returns at least one valid object.
WARNING: [Vivado 12-584] No ports matched 'sw[7]'. [F:/MastersProgram/LUSIDVIP/UltraSonic/UltraSonic.srcs/constrs_1/imports/ECE5710/nexys4_ddr.xdc:13]
CRITICAL WARNING: [Common 17-55] 'set_property' expects at least one object. [F:/MastersProgram/LUSIDVIP/UltraSonic/UltraSonic.srcs/constrs_1/imports/ECE5710/nexys4_ddr.xdc:13]
Resolution: If [get_<value>] was used to populate the object, check to make sure this command returns at least one valid object.
WARNING: [Vivado 12-584] No ports matched 'sw[8]'. [F:/MastersProgram/LUSIDVIP/UltraSonic/UltraSonic.srcs/constrs_1/imports/ECE5710/nexys4_ddr.xdc:14]
CRITICAL WARNING: [Common 17-55] 'set_property' expects at least one object. [F:/MastersProgram/LUSIDVIP/UltraSonic/UltraSonic.srcs/constrs_1/imports/ECE5710/nexys4_ddr.xdc:14]
Resolution: If [get_<value>] was used to populate the object, check to make sure this command returns at least one valid object.
WARNING: [Vivado 12-584] No ports matched 'sw[9]'. [F:/MastersProgram/LUSIDVIP/UltraSonic/UltraSonic.srcs/constrs_1/imports/ECE5710/nexys4_ddr.xdc:15]
CRITICAL WARNING: [Common 17-55] 'set_property' expects at least one object. [F:/MastersProgram/LUSIDVIP/UltraSonic/UltraSonic.srcs/constrs_1/imports/ECE5710/nexys4_ddr.xdc:15]
Resolution: If [get_<value>] was used to populate the object, check to make sure this command returns at least one valid object.
WARNING: [Vivado 12-584] No ports matched 'sw[10]'. [F:/MastersProgram/LUSIDVIP/UltraSonic/UltraSonic.srcs/constrs_1/imports/ECE5710/nexys4_ddr.xdc:16]
CRITICAL WARNING: [Common 17-55] 'set_property' expects at least one object. [F:/MastersProgram/LUSIDVIP/UltraSonic/UltraSonic.srcs/constrs_1/imports/ECE5710/nexys4_ddr.xdc:16]
Resolution: If [get_<value>] was used to populate the object, check to make sure this command returns at least one valid object.
WARNING: [Vivado 12-584] No ports matched 'sw[11]'. [F:/MastersProgram/LUSIDVIP/UltraSonic/UltraSonic.srcs/constrs_1/imports/ECE5710/nexys4_ddr.xdc:17]
CRITICAL WARNING: [Common 17-55] 'set_property' expects at least one object. [F:/MastersProgram/LUSIDVIP/UltraSonic/UltraSonic.srcs/constrs_1/imports/ECE5710/nexys4_ddr.xdc:17]
Resolution: If [get_<value>] was used to populate the object, check to make sure this command returns at least one valid object.
WARNING: [Vivado 12-584] No ports matched 'sw[12]'. [F:/MastersProgram/LUSIDVIP/UltraSonic/UltraSonic.srcs/constrs_1/imports/ECE5710/nexys4_ddr.xdc:18]
CRITICAL WARNING: [Common 17-55] 'set_property' expects at least one object. [F:/MastersProgram/LUSIDVIP/UltraSonic/UltraSonic.srcs/constrs_1/imports/ECE5710/nexys4_ddr.xdc:18]
Resolution: If [get_<value>] was used to populate the object, check to make sure this command returns at least one valid object.
WARNING: [Vivado 12-584] No ports matched 'sw[13]'. [F:/MastersProgram/LUSIDVIP/UltraSonic/UltraSonic.srcs/constrs_1/imports/ECE5710/nexys4_ddr.xdc:19]
CRITICAL WARNING: [Common 17-55] 'set_property' expects at least one object. [F:/MastersProgram/LUSIDVIP/UltraSonic/UltraSonic.srcs/constrs_1/imports/ECE5710/nexys4_ddr.xdc:19]
Resolution: If [get_<value>] was used to populate the object, check to make sure this command returns at least one valid object.
WARNING: [Vivado 12-584] No ports matched 'sw[14]'. [F:/MastersProgram/LUSIDVIP/UltraSonic/UltraSonic.srcs/constrs_1/imports/ECE5710/nexys4_ddr.xdc:20]
CRITICAL WARNING: [Common 17-55] 'set_property' expects at least one object. [F:/MastersProgram/LUSIDVIP/UltraSonic/UltraSonic.srcs/constrs_1/imports/ECE5710/nexys4_ddr.xdc:20]
Resolution: If [get_<value>] was used to populate the object, check to make sure this command returns at least one valid object.
WARNING: [Vivado 12-584] No ports matched 'sw[15]'. [F:/MastersProgram/LUSIDVIP/UltraSonic/UltraSonic.srcs/constrs_1/imports/ECE5710/nexys4_ddr.xdc:21]
CRITICAL WARNING: [Common 17-55] 'set_property' expects at least one object. [F:/MastersProgram/LUSIDVIP/UltraSonic/UltraSonic.srcs/constrs_1/imports/ECE5710/nexys4_ddr.xdc:21]
Resolution: If [get_<value>] was used to populate the object, check to make sure this command returns at least one valid object.
WARNING: [Vivado 12-584] No ports matched 'ld[8]'. [F:/MastersProgram/LUSIDVIP/UltraSonic/UltraSonic.srcs/constrs_1/imports/ECE5710/nexys4_ddr.xdc:32]
CRITICAL WARNING: [Common 17-55] 'set_property' expects at least one object. [F:/MastersProgram/LUSIDVIP/UltraSonic/UltraSonic.srcs/constrs_1/imports/ECE5710/nexys4_ddr.xdc:32]
Resolution: If [get_<value>] was used to populate the object, check to make sure this command returns at least one valid object.
WARNING: [Vivado 12-584] No ports matched 'ld[9]'. [F:/MastersProgram/LUSIDVIP/UltraSonic/UltraSonic.srcs/constrs_1/imports/ECE5710/nexys4_ddr.xdc:33]
CRITICAL WARNING: [Common 17-55] 'set_property' expects at least one object. [F:/MastersProgram/LUSIDVIP/UltraSonic/UltraSonic.srcs/constrs_1/imports/ECE5710/nexys4_ddr.xdc:33]
Resolution: If [get_<value>] was used to populate the object, check to make sure this command returns at least one valid object.
WARNING: [Vivado 12-584] No ports matched 'ld[10]'. [F:/MastersProgram/LUSIDVIP/UltraSonic/UltraSonic.srcs/constrs_1/imports/ECE5710/nexys4_ddr.xdc:34]
CRITICAL WARNING: [Common 17-55] 'set_property' expects at least one object. [F:/MastersProgram/LUSIDVIP/UltraSonic/UltraSonic.srcs/constrs_1/imports/ECE5710/nexys4_ddr.xdc:34]
Resolution: If [get_<value>] was used to populate the object, check to make sure this command returns at least one valid object.
WARNING: [Vivado 12-584] No ports matched 'ld[11]'. [F:/MastersProgram/LUSIDVIP/UltraSonic/UltraSonic.srcs/constrs_1/imports/ECE5710/nexys4_ddr.xdc:35]
CRITICAL WARNING: [Common 17-55] 'set_property' expects at least one object. [F:/MastersProgram/LUSIDVIP/UltraSonic/UltraSonic.srcs/constrs_1/imports/ECE5710/nexys4_ddr.xdc:35]
Resolution: If [get_<value>] was used to populate the object, check to make sure this command returns at least one valid object.
WARNING: [Vivado 12-584] No ports matched 'ld[12]'. [F:/MastersProgram/LUSIDVIP/UltraSonic/UltraSonic.srcs/constrs_1/imports/ECE5710/nexys4_ddr.xdc:36]
CRITICAL WARNING: [Common 17-55] 'set_property' expects at least one object. [F:/MastersProgram/LUSIDVIP/UltraSonic/UltraSonic.srcs/constrs_1/imports/ECE5710/nexys4_ddr.xdc:36]
Resolution: If [get_<value>] was used to populate the object, check to make sure this command returns at least one valid object.
WARNING: [Vivado 12-584] No ports matched 'ld[13]'. [F:/MastersProgram/LUSIDVIP/UltraSonic/UltraSonic.srcs/constrs_1/imports/ECE5710/nexys4_ddr.xdc:37]
CRITICAL WARNING: [Common 17-55] 'set_property' expects at least one object. [F:/MastersProgram/LUSIDVIP/UltraSonic/UltraSonic.srcs/constrs_1/imports/ECE5710/nexys4_ddr.xdc:37]
Resolution: If [get_<value>] was used to populate the object, check to make sure this command returns at least one valid object.
WARNING: [Vivado 12-584] No ports matched 'ld[14]'. [F:/MastersProgram/LUSIDVIP/UltraSonic/UltraSonic.srcs/constrs_1/imports/ECE5710/nexys4_ddr.xdc:38]
CRITICAL WARNING: [Common 17-55] 'set_property' expects at least one object. [F:/MastersProgram/LUSIDVIP/UltraSonic/UltraSonic.srcs/constrs_1/imports/ECE5710/nexys4_ddr.xdc:38]
Resolution: If [get_<value>] was used to populate the object, check to make sure this command returns at least one valid object.
WARNING: [Vivado 12-584] No ports matched 'ld[15]'. [F:/MastersProgram/LUSIDVIP/UltraSonic/UltraSonic.srcs/constrs_1/imports/ECE5710/nexys4_ddr.xdc:39]
CRITICAL WARNING: [Common 17-55] 'set_property' expects at least one object. [F:/MastersProgram/LUSIDVIP/UltraSonic/UltraSonic.srcs/constrs_1/imports/ECE5710/nexys4_ddr.xdc:39]
Resolution: If [get_<value>] was used to populate the object, check to make sure this command returns at least one valid object.
WARNING: [Vivado 12-584] No ports matched 'ld16b'. [F:/MastersProgram/LUSIDVIP/UltraSonic/UltraSonic.srcs/constrs_1/imports/ECE5710/nexys4_ddr.xdc:42]
CRITICAL WARNING: [Common 17-55] 'set_property' expects at least one object. [F:/MastersProgram/LUSIDVIP/UltraSonic/UltraSonic.srcs/constrs_1/imports/ECE5710/nexys4_ddr.xdc:42]
Resolution: If [get_<value>] was used to populate the object, check to make sure this command returns at least one valid object.
WARNING: [Vivado 12-584] No ports matched 'ld16g'. [F:/MastersProgram/LUSIDVIP/UltraSonic/UltraSonic.srcs/constrs_1/imports/ECE5710/nexys4_ddr.xdc:43]
CRITICAL WARNING: [Common 17-55] 'set_property' expects at least one object. [F:/MastersProgram/LUSIDVIP/UltraSonic/UltraSonic.srcs/constrs_1/imports/ECE5710/nexys4_ddr.xdc:43]
Resolution: If [get_<value>] was used to populate the object, check to make sure this command returns at least one valid object.
WARNING: [Vivado 12-584] No ports matched 'ld16r'. [F:/MastersProgram/LUSIDVIP/UltraSonic/UltraSonic.srcs/constrs_1/imports/ECE5710/nexys4_ddr.xdc:44]
CRITICAL WARNING: [Common 17-55] 'set_property' expects at least one object. [F:/MastersProgram/LUSIDVIP/UltraSonic/UltraSonic.srcs/constrs_1/imports/ECE5710/nexys4_ddr.xdc:44]
Resolution: If [get_<value>] was used to populate the object, check to make sure this command returns at least one valid object.
WARNING: [Vivado 12-584] No ports matched 'ld17b'. [F:/MastersProgram/LUSIDVIP/UltraSonic/UltraSonic.srcs/constrs_1/imports/ECE5710/nexys4_ddr.xdc:45]
CRITICAL WARNING: [Common 17-55] 'set_property' expects at least one object. [F:/MastersProgram/LUSIDVIP/UltraSonic/UltraSonic.srcs/constrs_1/imports/ECE5710/nexys4_ddr.xdc:45]
Resolution: If [get_<value>] was used to populate the object, check to make sure this command returns at least one valid object.
WARNING: [Vivado 12-584] No ports matched 'ld17g'. [F:/MastersProgram/LUSIDVIP/UltraSonic/UltraSonic.srcs/constrs_1/imports/ECE5710/nexys4_ddr.xdc:46]
CRITICAL WARNING: [Common 17-55] 'set_property' expects at least one object. [F:/MastersProgram/LUSIDVIP/UltraSonic/UltraSonic.srcs/constrs_1/imports/ECE5710/nexys4_ddr.xdc:46]
Resolution: If [get_<value>] was used to populate the object, check to make sure this command returns at least one valid object.
WARNING: [Vivado 12-584] No ports matched 'ld17r'. [F:/MastersProgram/LUSIDVIP/UltraSonic/UltraSonic.srcs/constrs_1/imports/ECE5710/nexys4_ddr.xdc:47]
CRITICAL WARNING: [Common 17-55] 'set_property' expects at least one object. [F:/MastersProgram/LUSIDVIP/UltraSonic/UltraSonic.srcs/constrs_1/imports/ECE5710/nexys4_ddr.xdc:47]
Resolution: If [get_<value>] was used to populate the object, check to make sure this command returns at least one valid object.
WARNING: [Vivado 12-584] No ports matched 'dp'. [F:/MastersProgram/LUSIDVIP/UltraSonic/UltraSonic.srcs/constrs_1/imports/ECE5710/nexys4_ddr.xdc:58]
CRITICAL WARNING: [Common 17-55] 'set_property' expects at least one object. [F:/MastersProgram/LUSIDVIP/UltraSonic/UltraSonic.srcs/constrs_1/imports/ECE5710/nexys4_ddr.xdc:58]
Resolution: If [get_<value>] was used to populate the object, check to make sure this command returns at least one valid object.
WARNING: [Vivado 12-584] No ports matched 'rstn'. [F:/MastersProgram/LUSIDVIP/UltraSonic/UltraSonic.srcs/constrs_1/imports/ECE5710/nexys4_ddr.xdc:70]
CRITICAL WARNING: [Common 17-55] 'set_property' expects at least one object. [F:/MastersProgram/LUSIDVIP/UltraSonic/UltraSonic.srcs/constrs_1/imports/ECE5710/nexys4_ddr.xdc:70]
Resolution: If [get_<value>] was used to populate the object, check to make sure this command returns at least one valid object.
WARNING: [Vivado 12-584] No ports matched 'btn[4]'. [F:/MastersProgram/LUSIDVIP/UltraSonic/UltraSonic.srcs/constrs_1/imports/ECE5710/nexys4_ddr.xdc:71]
CRITICAL WARNING: [Common 17-55] 'set_property' expects at least one object. [F:/MastersProgram/LUSIDVIP/UltraSonic/UltraSonic.srcs/constrs_1/imports/ECE5710/nexys4_ddr.xdc:71]
Resolution: If [get_<value>] was used to populate the object, check to make sure this command returns at least one valid object.
WARNING: [Vivado 12-584] No ports matched 'ja1'. [F:/MastersProgram/LUSIDVIP/UltraSonic/UltraSonic.srcs/constrs_1/imports/ECE5710/nexys4_ddr.xdc:78]
CRITICAL WARNING: [Common 17-55] 'set_property' expects at least one object. [F:/MastersProgram/LUSIDVIP/UltraSonic/UltraSonic.srcs/constrs_1/imports/ECE5710/nexys4_ddr.xdc:78]
Resolution: If [get_<value>] was used to populate the object, check to make sure this command returns at least one valid object.
WARNING: [Vivado 12-584] No ports matched 'ja2'. [F:/MastersProgram/LUSIDVIP/UltraSonic/UltraSonic.srcs/constrs_1/imports/ECE5710/nexys4_ddr.xdc:79]
CRITICAL WARNING: [Common 17-55] 'set_property' expects at least one object. [F:/MastersProgram/LUSIDVIP/UltraSonic/UltraSonic.srcs/constrs_1/imports/ECE5710/nexys4_ddr.xdc:79]
Resolution: If [get_<value>] was used to populate the object, check to make sure this command returns at least one valid object.
WARNING: [Vivado 12-584] No ports matched 'ja3'. [F:/MastersProgram/LUSIDVIP/UltraSonic/UltraSonic.srcs/constrs_1/imports/ECE5710/nexys4_ddr.xdc:80]
CRITICAL WARNING: [Common 17-55] 'set_property' expects at least one object. [F:/MastersProgram/LUSIDVIP/UltraSonic/UltraSonic.srcs/constrs_1/imports/ECE5710/nexys4_ddr.xdc:80]
Resolution: If [get_<value>] was used to populate the object, check to make sure this command returns at least one valid object.
WARNING: [Vivado 12-584] No ports matched 'ja4'. [F:/MastersProgram/LUSIDVIP/UltraSonic/UltraSonic.srcs/constrs_1/imports/ECE5710/nexys4_ddr.xdc:81]
CRITICAL WARNING: [Common 17-55] 'set_property' expects at least one object. [F:/MastersProgram/LUSIDVIP/UltraSonic/UltraSonic.srcs/constrs_1/imports/ECE5710/nexys4_ddr.xdc:81]
Resolution: If [get_<value>] was used to populate the object, check to make sure this command returns at least one valid object.
WARNING: [Vivado 12-584] No ports matched 'ja7'. [F:/MastersProgram/LUSIDVIP/UltraSonic/UltraSonic.srcs/constrs_1/imports/ECE5710/nexys4_ddr.xdc:82]
CRITICAL WARNING: [Common 17-55] 'set_property' expects at least one object. [F:/MastersProgram/LUSIDVIP/UltraSonic/UltraSonic.srcs/constrs_1/imports/ECE5710/nexys4_ddr.xdc:82]
Resolution: If [get_<value>] was used to populate the object, check to make sure this command returns at least one valid object.
WARNING: [Vivado 12-584] No ports matched 'ja8'. [F:/MastersProgram/LUSIDVIP/UltraSonic/UltraSonic.srcs/constrs_1/imports/ECE5710/nexys4_ddr.xdc:83]
CRITICAL WARNING: [Common 17-55] 'set_property' expects at least one object. [F:/MastersProgram/LUSIDVIP/UltraSonic/UltraSonic.srcs/constrs_1/imports/ECE5710/nexys4_ddr.xdc:83]
Resolution: If [get_<value>] was used to populate the object, check to make sure this command returns at least one valid object.
WARNING: [Vivado 12-584] No ports matched 'ja9'. [F:/MastersProgram/LUSIDVIP/UltraSonic/UltraSonic.srcs/constrs_1/imports/ECE5710/nexys4_ddr.xdc:84]
CRITICAL WARNING: [Common 17-55] 'set_property' expects at least one object. [F:/MastersProgram/LUSIDVIP/UltraSonic/UltraSonic.srcs/constrs_1/imports/ECE5710/nexys4_ddr.xdc:84]
Resolution: If [get_<value>] was used to populate the object, check to make sure this command returns at least one valid object.
WARNING: [Vivado 12-584] No ports matched 'ja10'. [F:/MastersProgram/LUSIDVIP/UltraSonic/UltraSonic.srcs/constrs_1/imports/ECE5710/nexys4_ddr.xdc:85]
CRITICAL WARNING: [Common 17-55] 'set_property' expects at least one object. [F:/MastersProgram/LUSIDVIP/UltraSonic/UltraSonic.srcs/constrs_1/imports/ECE5710/nexys4_ddr.xdc:85]
Resolution: If [get_<value>] was used to populate the object, check to make sure this command returns at least one valid object.
WARNING: [Vivado 12-584] No ports matched 'jb3'. [F:/MastersProgram/LUSIDVIP/UltraSonic/UltraSonic.srcs/constrs_1/imports/ECE5710/nexys4_ddr.xdc:90]
CRITICAL WARNING: [Common 17-55] 'set_property' expects at least one object. [F:/MastersProgram/LUSIDVIP/UltraSonic/UltraSonic.srcs/constrs_1/imports/ECE5710/nexys4_ddr.xdc:90]
Resolution: If [get_<value>] was used to populate the object, check to make sure this command returns at least one valid object.
WARNING: [Vivado 12-584] No ports matched 'jb4'. [F:/MastersProgram/LUSIDVIP/UltraSonic/UltraSonic.srcs/constrs_1/imports/ECE5710/nexys4_ddr.xdc:91]
CRITICAL WARNING: [Common 17-55] 'set_property' expects at least one object. [F:/MastersProgram/LUSIDVIP/UltraSonic/UltraSonic.srcs/constrs_1/imports/ECE5710/nexys4_ddr.xdc:91]
Resolution: If [get_<value>] was used to populate the object, check to make sure this command returns at least one valid object.
WARNING: [Vivado 12-584] No ports matched 'jb7'. [F:/MastersProgram/LUSIDVIP/UltraSonic/UltraSonic.srcs/constrs_1/imports/ECE5710/nexys4_ddr.xdc:92]
CRITICAL WARNING: [Common 17-55] 'set_property' expects at least one object. [F:/MastersProgram/LUSIDVIP/UltraSonic/UltraSonic.srcs/constrs_1/imports/ECE5710/nexys4_ddr.xdc:92]
Resolution: If [get_<value>] was used to populate the object, check to make sure this command returns at least one valid object.
WARNING: [Vivado 12-584] No ports matched 'jb8'. [F:/MastersProgram/LUSIDVIP/UltraSonic/UltraSonic.srcs/constrs_1/imports/ECE5710/nexys4_ddr.xdc:93]
CRITICAL WARNING: [Common 17-55] 'set_property' expects at least one object. [F:/MastersProgram/LUSIDVIP/UltraSonic/UltraSonic.srcs/constrs_1/imports/ECE5710/nexys4_ddr.xdc:93]
Resolution: If [get_<value>] was used to populate the object, check to make sure this command returns at least one valid object.
WARNING: [Vivado 12-584] No ports matched 'jb9'. [F:/MastersProgram/LUSIDVIP/UltraSonic/UltraSonic.srcs/constrs_1/imports/ECE5710/nexys4_ddr.xdc:94]
CRITICAL WARNING: [Common 17-55] 'set_property' expects at least one object. [F:/MastersProgram/LUSIDVIP/UltraSonic/UltraSonic.srcs/constrs_1/imports/ECE5710/nexys4_ddr.xdc:94]
Resolution: If [get_<value>] was used to populate the object, check to make sure this command returns at least one valid object.
WARNING: [Vivado 12-584] No ports matched 'jb10'. [F:/MastersProgram/LUSIDVIP/UltraSonic/UltraSonic.srcs/constrs_1/imports/ECE5710/nexys4_ddr.xdc:95]
CRITICAL WARNING: [Common 17-55] 'set_property' expects at least one object. [F:/MastersProgram/LUSIDVIP/UltraSonic/UltraSonic.srcs/constrs_1/imports/ECE5710/nexys4_ddr.xdc:95]
Resolution: If [get_<value>] was used to populate the object, check to make sure this command returns at least one valid object.
WARNING: [Vivado 12-584] No ports matched 'jc2'. [F:/MastersProgram/LUSIDVIP/UltraSonic/UltraSonic.srcs/constrs_1/imports/ECE5710/nexys4_ddr.xdc:99]
CRITICAL WARNING: [Common 17-55] 'set_property' expects at least one object. [F:/MastersProgram/LUSIDVIP/UltraSonic/UltraSonic.srcs/constrs_1/imports/ECE5710/nexys4_ddr.xdc:99]
Resolution: If [get_<value>] was used to populate the object, check to make sure this command returns at least one valid object.
WARNING: [Vivado 12-584] No ports matched 'jc3'. [F:/MastersProgram/LUSIDVIP/UltraSonic/UltraSonic.srcs/constrs_1/imports/ECE5710/nexys4_ddr.xdc:100]
CRITICAL WARNING: [Common 17-55] 'set_property' expects at least one object. [F:/MastersProgram/LUSIDVIP/UltraSonic/UltraSonic.srcs/constrs_1/imports/ECE5710/nexys4_ddr.xdc:100]
Resolution: If [get_<value>] was used to populate the object, check to make sure this command returns at least one valid object.
WARNING: [Vivado 12-584] No ports matched 'jc4'. [F:/MastersProgram/LUSIDVIP/UltraSonic/UltraSonic.srcs/constrs_1/imports/ECE5710/nexys4_ddr.xdc:101]
CRITICAL WARNING: [Common 17-55] 'set_property' expects at least one object. [F:/MastersProgram/LUSIDVIP/UltraSonic/UltraSonic.srcs/constrs_1/imports/ECE5710/nexys4_ddr.xdc:101]
Resolution: If [get_<value>] was used to populate the object, check to make sure this command returns at least one valid object.
WARNING: [Vivado 12-584] No ports matched 'jc7'. [F:/MastersProgram/LUSIDVIP/UltraSonic/UltraSonic.srcs/constrs_1/imports/ECE5710/nexys4_ddr.xdc:102]
CRITICAL WARNING: [Common 17-55] 'set_property' expects at least one object. [F:/MastersProgram/LUSIDVIP/UltraSonic/UltraSonic.srcs/constrs_1/imports/ECE5710/nexys4_ddr.xdc:102]
Resolution: If [get_<value>] was used to populate the object, check to make sure this command returns at least one valid object.
WARNING: [Vivado 12-584] No ports matched 'jc8'. [F:/MastersProgram/LUSIDVIP/UltraSonic/UltraSonic.srcs/constrs_1/imports/ECE5710/nexys4_ddr.xdc:103]
CRITICAL WARNING: [Common 17-55] 'set_property' expects at least one object. [F:/MastersProgram/LUSIDVIP/UltraSonic/UltraSonic.srcs/constrs_1/imports/ECE5710/nexys4_ddr.xdc:103]
Resolution: If [get_<value>] was used to populate the object, check to make sure this command returns at least one valid object.
WARNING: [Vivado 12-584] No ports matched 'jc9'. [F:/MastersProgram/LUSIDVIP/UltraSonic/UltraSonic.srcs/constrs_1/imports/ECE5710/nexys4_ddr.xdc:104]
CRITICAL WARNING: [Common 17-55] 'set_property' expects at least one object. [F:/MastersProgram/LUSIDVIP/UltraSonic/UltraSonic.srcs/constrs_1/imports/ECE5710/nexys4_ddr.xdc:104]
Resolution: If [get_<value>] was used to populate the object, check to make sure this command returns at least one valid object.
WARNING: [Vivado 12-584] No ports matched 'jc10'. [F:/MastersProgram/LUSIDVIP/UltraSonic/UltraSonic.srcs/constrs_1/imports/ECE5710/nexys4_ddr.xdc:105]
CRITICAL WARNING: [Common 17-55] 'set_property' expects at least one object. [F:/MastersProgram/LUSIDVIP/UltraSonic/UltraSonic.srcs/constrs_1/imports/ECE5710/nexys4_ddr.xdc:105]
Resolution: If [get_<value>] was used to populate the object, check to make sure this command returns at least one valid object.
WARNING: [Vivado 12-584] No ports matched 'jd1'. [F:/MastersProgram/LUSIDVIP/UltraSonic/UltraSonic.srcs/constrs_1/imports/ECE5710/nexys4_ddr.xdc:108]
CRITICAL WARNING: [Common 17-55] 'set_property' expects at least one object. [F:/MastersProgram/LUSIDVIP/UltraSonic/UltraSonic.srcs/constrs_1/imports/ECE5710/nexys4_ddr.xdc:108]
Resolution: If [get_<value>] was used to populate the object, check to make sure this command returns at least one valid object.
WARNING: [Vivado 12-584] No ports matched 'jd2'. [F:/MastersProgram/LUSIDVIP/UltraSonic/UltraSonic.srcs/constrs_1/imports/ECE5710/nexys4_ddr.xdc:109]
CRITICAL WARNING: [Common 17-55] 'set_property' expects at least one object. [F:/MastersProgram/LUSIDVIP/UltraSonic/UltraSonic.srcs/constrs_1/imports/ECE5710/nexys4_ddr.xdc:109]
Resolution: If [get_<value>] was used to populate the object, check to make sure this command returns at least one valid object.
WARNING: [Vivado 12-584] No ports matched 'jd4'. [F:/MastersProgram/LUSIDVIP/UltraSonic/UltraSonic.srcs/constrs_1/imports/ECE5710/nexys4_ddr.xdc:111]
CRITICAL WARNING: [Common 17-55] 'set_property' expects at least one object. [F:/MastersProgram/LUSIDVIP/UltraSonic/UltraSonic.srcs/constrs_1/imports/ECE5710/nexys4_ddr.xdc:111]
Resolution: If [get_<value>] was used to populate the object, check to make sure this command returns at least one valid object.
WARNING: [Vivado 12-584] No ports matched 'jd7'. [F:/MastersProgram/LUSIDVIP/UltraSonic/UltraSonic.srcs/constrs_1/imports/ECE5710/nexys4_ddr.xdc:112]
CRITICAL WARNING: [Common 17-55] 'set_property' expects at least one object. [F:/MastersProgram/LUSIDVIP/UltraSonic/UltraSonic.srcs/constrs_1/imports/ECE5710/nexys4_ddr.xdc:112]
Resolution: If [get_<value>] was used to populate the object, check to make sure this command returns at least one valid object.
WARNING: [Vivado 12-584] No ports matched 'jd8'. [F:/MastersProgram/LUSIDVIP/UltraSonic/UltraSonic.srcs/constrs_1/imports/ECE5710/nexys4_ddr.xdc:113]
CRITICAL WARNING: [Common 17-55] 'set_property' expects at least one object. [F:/MastersProgram/LUSIDVIP/UltraSonic/UltraSonic.srcs/constrs_1/imports/ECE5710/nexys4_ddr.xdc:113]
Resolution: If [get_<value>] was used to populate the object, check to make sure this command returns at least one valid object.
WARNING: [Vivado 12-584] No ports matched 'jd9'. [F:/MastersProgram/LUSIDVIP/UltraSonic/UltraSonic.srcs/constrs_1/imports/ECE5710/nexys4_ddr.xdc:114]
CRITICAL WARNING: [Common 17-55] 'set_property' expects at least one object. [F:/MastersProgram/LUSIDVIP/UltraSonic/UltraSonic.srcs/constrs_1/imports/ECE5710/nexys4_ddr.xdc:114]
Resolution: If [get_<value>] was used to populate the object, check to make sure this command returns at least one valid object.
WARNING: [Vivado 12-584] No ports matched 'jd10'. [F:/MastersProgram/LUSIDVIP/UltraSonic/UltraSonic.srcs/constrs_1/imports/ECE5710/nexys4_ddr.xdc:115]
CRITICAL WARNING: [Common 17-55] 'set_property' expects at least one object. [F:/MastersProgram/LUSIDVIP/UltraSonic/UltraSonic.srcs/constrs_1/imports/ECE5710/nexys4_ddr.xdc:115]
Resolution: If [get_<value>] was used to populate the object, check to make sure this command returns at least one valid object.
WARNING: [Vivado 12-584] No ports matched 'xa_n[1]'. [F:/MastersProgram/LUSIDVIP/UltraSonic/UltraSonic.srcs/constrs_1/imports/ECE5710/nexys4_ddr.xdc:118]
CRITICAL WARNING: [Common 17-55] 'set_property' expects at least one object. [F:/MastersProgram/LUSIDVIP/UltraSonic/UltraSonic.srcs/constrs_1/imports/ECE5710/nexys4_ddr.xdc:118]
Resolution: If [get_<value>] was used to populate the object, check to make sure this command returns at least one valid object.
WARNING: [Vivado 12-584] No ports matched 'xa_p[1]'. [F:/MastersProgram/LUSIDVIP/UltraSonic/UltraSonic.srcs/constrs_1/imports/ECE5710/nexys4_ddr.xdc:119]
CRITICAL WARNING: [Common 17-55] 'set_property' expects at least one object. [F:/MastersProgram/LUSIDVIP/UltraSonic/UltraSonic.srcs/constrs_1/imports/ECE5710/nexys4_ddr.xdc:119]
Resolution: If [get_<value>] was used to populate the object, check to make sure this command returns at least one valid object.
WARNING: [Vivado 12-584] No ports matched 'xa_n[2]'. [F:/MastersProgram/LUSIDVIP/UltraSonic/UltraSonic.srcs/constrs_1/imports/ECE5710/nexys4_ddr.xdc:120]
CRITICAL WARNING: [Common 17-55] 'set_property' expects at least one object. [F:/MastersProgram/LUSIDVIP/UltraSonic/UltraSonic.srcs/constrs_1/imports/ECE5710/nexys4_ddr.xdc:120]
Resolution: If [get_<value>] was used to populate the object, check to make sure this command returns at least one valid object.
WARNING: [Vivado 12-584] No ports matched 'xa_p[2]'. [F:/MastersProgram/LUSIDVIP/UltraSonic/UltraSonic.srcs/constrs_1/imports/ECE5710/nexys4_ddr.xdc:121]
CRITICAL WARNING: [Common 17-55] 'set_property' expects at least one object. [F:/MastersProgram/LUSIDVIP/UltraSonic/UltraSonic.srcs/constrs_1/imports/ECE5710/nexys4_ddr.xdc:121]
Resolution: If [get_<value>] was used to populate the object, check to make sure this command returns at least one valid object.
WARNING: [Vivado 12-584] No ports matched 'xa_n[3]'. [F:/MastersProgram/LUSIDVIP/UltraSonic/UltraSonic.srcs/constrs_1/imports/ECE5710/nexys4_ddr.xdc:122]
CRITICAL WARNING: [Common 17-55] 'set_property' expects at least one object. [F:/MastersProgram/LUSIDVIP/UltraSonic/UltraSonic.srcs/constrs_1/imports/ECE5710/nexys4_ddr.xdc:122]
Resolution: If [get_<value>] was used to populate the object, check to make sure this command returns at least one valid object.
WARNING: [Vivado 12-584] No ports matched 'xa_p[3]'. [F:/MastersProgram/LUSIDVIP/UltraSonic/UltraSonic.srcs/constrs_1/imports/ECE5710/nexys4_ddr.xdc:123]
CRITICAL WARNING: [Common 17-55] 'set_property' expects at least one object. [F:/MastersProgram/LUSIDVIP/UltraSonic/UltraSonic.srcs/constrs_1/imports/ECE5710/nexys4_ddr.xdc:123]
Resolution: If [get_<value>] was used to populate the object, check to make sure this command returns at least one valid object.
WARNING: [Vivado 12-584] No ports matched 'xa_n[4]'. [F:/MastersProgram/LUSIDVIP/UltraSonic/UltraSonic.srcs/constrs_1/imports/ECE5710/nexys4_ddr.xdc:124]
CRITICAL WARNING: [Common 17-55] 'set_property' expects at least one object. [F:/MastersProgram/LUSIDVIP/UltraSonic/UltraSonic.srcs/constrs_1/imports/ECE5710/nexys4_ddr.xdc:124]
Resolution: If [get_<value>] was used to populate the object, check to make sure this command returns at least one valid object.
WARNING: [Vivado 12-584] No ports matched 'xa_p[4]'. [F:/MastersProgram/LUSIDVIP/UltraSonic/UltraSonic.srcs/constrs_1/imports/ECE5710/nexys4_ddr.xdc:125]
CRITICAL WARNING: [Common 17-55] 'set_property' expects at least one object. [F:/MastersProgram/LUSIDVIP/UltraSonic/UltraSonic.srcs/constrs_1/imports/ECE5710/nexys4_ddr.xdc:125]
Resolution: If [get_<value>] was used to populate the object, check to make sure this command returns at least one valid object.
WARNING: [Vivado 12-584] No ports matched 'red[0]'. [F:/MastersProgram/LUSIDVIP/UltraSonic/UltraSonic.srcs/constrs_1/imports/ECE5710/nexys4_ddr.xdc:128]
CRITICAL WARNING: [Common 17-55] 'set_property' expects at least one object. [F:/MastersProgram/LUSIDVIP/UltraSonic/UltraSonic.srcs/constrs_1/imports/ECE5710/nexys4_ddr.xdc:128]
Resolution: If [get_<value>] was used to populate the object, check to make sure this command returns at least one valid object.
WARNING: [Vivado 12-584] No ports matched 'red[1]'. [F:/MastersProgram/LUSIDVIP/UltraSonic/UltraSonic.srcs/constrs_1/imports/ECE5710/nexys4_ddr.xdc:129]
CRITICAL WARNING: [Common 17-55] 'set_property' expects at least one object. [F:/MastersProgram/LUSIDVIP/UltraSonic/UltraSonic.srcs/constrs_1/imports/ECE5710/nexys4_ddr.xdc:129]
Resolution: If [get_<value>] was used to populate the object, check to make sure this command returns at least one valid object.
WARNING: [Vivado 12-584] No ports matched 'red[2]'. [F:/MastersProgram/LUSIDVIP/UltraSonic/UltraSonic.srcs/constrs_1/imports/ECE5710/nexys4_ddr.xdc:130]
CRITICAL WARNING: [Common 17-55] 'set_property' expects at least one object. [F:/MastersProgram/LUSIDVIP/UltraSonic/UltraSonic.srcs/constrs_1/imports/ECE5710/nexys4_ddr.xdc:130]
Resolution: If [get_<value>] was used to populate the object, check to make sure this command returns at least one valid object.
WARNING: [Vivado 12-584] No ports matched 'red[3]'. [F:/MastersProgram/LUSIDVIP/UltraSonic/UltraSonic.srcs/constrs_1/imports/ECE5710/nexys4_ddr.xdc:131]
CRITICAL WARNING: [Common 17-55] 'set_property' expects at least one object. [F:/MastersProgram/LUSIDVIP/UltraSonic/UltraSonic.srcs/constrs_1/imports/ECE5710/nexys4_ddr.xdc:131]
Resolution: If [get_<value>] was used to populate the object, check to make sure this command returns at least one valid object.
WARNING: [Vivado 12-584] No ports matched 'green[0]'. [F:/MastersProgram/LUSIDVIP/UltraSonic/UltraSonic.srcs/constrs_1/imports/ECE5710/nexys4_ddr.xdc:133]
CRITICAL WARNING: [Common 17-55] 'set_property' expects at least one object. [F:/MastersProgram/LUSIDVIP/UltraSonic/UltraSonic.srcs/constrs_1/imports/ECE5710/nexys4_ddr.xdc:133]
Resolution: If [get_<value>] was used to populate the object, check to make sure this command returns at least one valid object.
WARNING: [Vivado 12-584] No ports matched 'green[1]'. [F:/MastersProgram/LUSIDVIP/UltraSonic/UltraSonic.srcs/constrs_1/imports/ECE5710/nexys4_ddr.xdc:134]
CRITICAL WARNING: [Common 17-55] 'set_property' expects at least one object. [F:/MastersProgram/LUSIDVIP/UltraSonic/UltraSonic.srcs/constrs_1/imports/ECE5710/nexys4_ddr.xdc:134]
Resolution: If [get_<value>] was used to populate the object, check to make sure this command returns at least one valid object.
WARNING: [Vivado 12-584] No ports matched 'green[2]'. [F:/MastersProgram/LUSIDVIP/UltraSonic/UltraSonic.srcs/constrs_1/imports/ECE5710/nexys4_ddr.xdc:135]
CRITICAL WARNING: [Common 17-55] 'set_property' expects at least one object. [F:/MastersProgram/LUSIDVIP/UltraSonic/UltraSonic.srcs/constrs_1/imports/ECE5710/nexys4_ddr.xdc:135]
Resolution: If [get_<value>] was used to populate the object, check to make sure this command returns at least one valid object.
WARNING: [Vivado 12-584] No ports matched 'green[3]'. [F:/MastersProgram/LUSIDVIP/UltraSonic/UltraSonic.srcs/constrs_1/imports/ECE5710/nexys4_ddr.xdc:136]
CRITICAL WARNING: [Common 17-55] 'set_property' expects at least one object. [F:/MastersProgram/LUSIDVIP/UltraSonic/UltraSonic.srcs/constrs_1/imports/ECE5710/nexys4_ddr.xdc:136]
Resolution: If [get_<value>] was used to populate the object, check to make sure this command returns at least one valid object.
WARNING: [Vivado 12-584] No ports matched 'blue[0]'. [F:/MastersProgram/LUSIDVIP/UltraSonic/UltraSonic.srcs/constrs_1/imports/ECE5710/nexys4_ddr.xdc:138]
CRITICAL WARNING: [Common 17-55] 'set_property' expects at least one object. [F:/MastersProgram/LUSIDVIP/UltraSonic/UltraSonic.srcs/constrs_1/imports/ECE5710/nexys4_ddr.xdc:138]
Resolution: If [get_<value>] was used to populate the object, check to make sure this command returns at least one valid object.
WARNING: [Vivado 12-584] No ports matched 'blue[1]'. [F:/MastersProgram/LUSIDVIP/UltraSonic/UltraSonic.srcs/constrs_1/imports/ECE5710/nexys4_ddr.xdc:139]
CRITICAL WARNING: [Common 17-55] 'set_property' expects at least one object. [F:/MastersProgram/LUSIDVIP/UltraSonic/UltraSonic.srcs/constrs_1/imports/ECE5710/nexys4_ddr.xdc:139]
Resolution: If [get_<value>] was used to populate the object, check to make sure this command returns at least one valid object.
WARNING: [Vivado 12-584] No ports matched 'blue[2]'. [F:/MastersProgram/LUSIDVIP/UltraSonic/UltraSonic.srcs/constrs_1/imports/ECE5710/nexys4_ddr.xdc:140]
CRITICAL WARNING: [Common 17-55] 'set_property' expects at least one object. [F:/MastersProgram/LUSIDVIP/UltraSonic/UltraSonic.srcs/constrs_1/imports/ECE5710/nexys4_ddr.xdc:140]
Resolution: If [get_<value>] was used to populate the object, check to make sure this command returns at least one valid object.
WARNING: [Vivado 12-584] No ports matched 'blue[3]'. [F:/MastersProgram/LUSIDVIP/UltraSonic/UltraSonic.srcs/constrs_1/imports/ECE5710/nexys4_ddr.xdc:141]
CRITICAL WARNING: [Common 17-55] 'set_property' expects at least one object. [F:/MastersProgram/LUSIDVIP/UltraSonic/UltraSonic.srcs/constrs_1/imports/ECE5710/nexys4_ddr.xdc:141]
Resolution: If [get_<value>] was used to populate the object, check to make sure this command returns at least one valid object.
WARNING: [Vivado 12-584] No ports matched 'hsync'. [F:/MastersProgram/LUSIDVIP/UltraSonic/UltraSonic.srcs/constrs_1/imports/ECE5710/nexys4_ddr.xdc:143]
CRITICAL WARNING: [Common 17-55] 'set_property' expects at least one object. [F:/MastersProgram/LUSIDVIP/UltraSonic/UltraSonic.srcs/constrs_1/imports/ECE5710/nexys4_ddr.xdc:143]
Resolution: If [get_<value>] was used to populate the object, check to make sure this command returns at least one valid object.
WARNING: [Vivado 12-584] No ports matched 'vsync'. [F:/MastersProgram/LUSIDVIP/UltraSonic/UltraSonic.srcs/constrs_1/imports/ECE5710/nexys4_ddr.xdc:144]
CRITICAL WARNING: [Common 17-55] 'set_property' expects at least one object. [F:/MastersProgram/LUSIDVIP/UltraSonic/UltraSonic.srcs/constrs_1/imports/ECE5710/nexys4_ddr.xdc:144]
Resolution: If [get_<value>] was used to populate the object, check to make sure this command returns at least one valid object.
WARNING: [Vivado 12-584] No ports matched 'ACL_MISO'. [F:/MastersProgram/LUSIDVIP/UltraSonic/UltraSonic.srcs/constrs_1/imports/ECE5710/nexys4_ddr.xdc:147]
CRITICAL WARNING: [Common 17-55] 'set_property' expects at least one object. [F:/MastersProgram/LUSIDVIP/UltraSonic/UltraSonic.srcs/constrs_1/imports/ECE5710/nexys4_ddr.xdc:147]
Resolution: If [get_<value>] was used to populate the object, check to make sure this command returns at least one valid object.
WARNING: [Vivado 12-584] No ports matched 'ACL_MOSI'. [F:/MastersProgram/LUSIDVIP/UltraSonic/UltraSonic.srcs/constrs_1/imports/ECE5710/nexys4_ddr.xdc:148]
CRITICAL WARNING: [Common 17-55] 'set_property' expects at least one object. [F:/MastersProgram/LUSIDVIP/UltraSonic/UltraSonic.srcs/constrs_1/imports/ECE5710/nexys4_ddr.xdc:148]
Resolution: If [get_<value>] was used to populate the object, check to make sure this command returns at least one valid object.
WARNING: [Vivado 12-584] No ports matched 'ACL_SCLK'. [F:/MastersProgram/LUSIDVIP/UltraSonic/UltraSonic.srcs/constrs_1/imports/ECE5710/nexys4_ddr.xdc:149]
CRITICAL WARNING: [Common 17-55] 'set_property' expects at least one object. [F:/MastersProgram/LUSIDVIP/UltraSonic/UltraSonic.srcs/constrs_1/imports/ECE5710/nexys4_ddr.xdc:149]
Resolution: If [get_<value>] was used to populate the object, check to make sure this command returns at least one valid object.
WARNING: [Vivado 12-584] No ports matched 'ACL_CSN'. [F:/MastersProgram/LUSIDVIP/UltraSonic/UltraSonic.srcs/constrs_1/imports/ECE5710/nexys4_ddr.xdc:150]
CRITICAL WARNING: [Common 17-55] 'set_property' expects at least one object. [F:/MastersProgram/LUSIDVIP/UltraSonic/UltraSonic.srcs/constrs_1/imports/ECE5710/nexys4_ddr.xdc:150]
Resolution: If [get_<value>] was used to populate the object, check to make sure this command returns at least one valid object.
WARNING: [Vivado 12-584] No ports matched 'ACL_INT[1]'. [F:/MastersProgram/LUSIDVIP/UltraSonic/UltraSonic.srcs/constrs_1/imports/ECE5710/nexys4_ddr.xdc:151]
CRITICAL WARNING: [Common 17-55] 'set_property' expects at least one object. [F:/MastersProgram/LUSIDVIP/UltraSonic/UltraSonic.srcs/constrs_1/imports/ECE5710/nexys4_ddr.xdc:151]
Resolution: If [get_<value>] was used to populate the object, check to make sure this command returns at least one valid object.
WARNING: [Vivado 12-584] No ports matched 'ACL_INT[2]'. [F:/MastersProgram/LUSIDVIP/UltraSonic/UltraSonic.srcs/constrs_1/imports/ECE5710/nexys4_ddr.xdc:152]
CRITICAL WARNING: [Common 17-55] 'set_property' expects at least one object. [F:/MastersProgram/LUSIDVIP/UltraSonic/UltraSonic.srcs/constrs_1/imports/ECE5710/nexys4_ddr.xdc:152]
Resolution: If [get_<value>] was used to populate the object, check to make sure this command returns at least one valid object.
WARNING: [Vivado 12-584] No ports matched 'TMP_SCL'. [F:/MastersProgram/LUSIDVIP/UltraSonic/UltraSonic.srcs/constrs_1/imports/ECE5710/nexys4_ddr.xdc:155]
CRITICAL WARNING: [Common 17-55] 'set_property' expects at least one object. [F:/MastersProgram/LUSIDVIP/UltraSonic/UltraSonic.srcs/constrs_1/imports/ECE5710/nexys4_ddr.xdc:155]
Resolution: If [get_<value>] was used to populate the object, check to make sure this command returns at least one valid object.
WARNING: [Vivado 12-584] No ports matched 'TMP_SDA'. [F:/MastersProgram/LUSIDVIP/UltraSonic/UltraSonic.srcs/constrs_1/imports/ECE5710/nexys4_ddr.xdc:156]
CRITICAL WARNING: [Common 17-55] 'set_property' expects at least one object. [F:/MastersProgram/LUSIDVIP/UltraSonic/UltraSonic.srcs/constrs_1/imports/ECE5710/nexys4_ddr.xdc:156]
Resolution: If [get_<value>] was used to populate the object, check to make sure this command returns at least one valid object.
WARNING: [Vivado 12-584] No ports matched 'TMP_INT'. [F:/MastersProgram/LUSIDVIP/UltraSonic/UltraSonic.srcs/constrs_1/imports/ECE5710/nexys4_ddr.xdc:157]
CRITICAL WARNING: [Common 17-55] 'set_property' expects at least one object. [F:/MastersProgram/LUSIDVIP/UltraSonic/UltraSonic.srcs/constrs_1/imports/ECE5710/nexys4_ddr.xdc:157]
Resolution: If [get_<value>] was used to populate the object, check to make sure this command returns at least one valid object.
WARNING: [Vivado 12-584] No ports matched 'TMP_CT'. [F:/MastersProgram/LUSIDVIP/UltraSonic/UltraSonic.srcs/constrs_1/imports/ECE5710/nexys4_ddr.xdc:158]
CRITICAL WARNING: [Common 17-55] 'set_property' expects at least one object. [F:/MastersProgram/LUSIDVIP/UltraSonic/UltraSonic.srcs/constrs_1/imports/ECE5710/nexys4_ddr.xdc:158]
Resolution: If [get_<value>] was used to populate the object, check to make sure this command returns at least one valid object.
WARNING: [Vivado 12-584] No ports matched 'MIC_CLK'. [F:/MastersProgram/LUSIDVIP/UltraSonic/UltraSonic.srcs/constrs_1/imports/ECE5710/nexys4_ddr.xdc:161]
CRITICAL WARNING: [Common 17-55] 'set_property' expects at least one object. [F:/MastersProgram/LUSIDVIP/UltraSonic/UltraSonic.srcs/constrs_1/imports/ECE5710/nexys4_ddr.xdc:161]
Resolution: If [get_<value>] was used to populate the object, check to make sure this command returns at least one valid object.
WARNING: [Vivado 12-584] No ports matched 'MIC_DATA'. [F:/MastersProgram/LUSIDVIP/UltraSonic/UltraSonic.srcs/constrs_1/imports/ECE5710/nexys4_ddr.xdc:162]
CRITICAL WARNING: [Common 17-55] 'set_property' expects at least one object. [F:/MastersProgram/LUSIDVIP/UltraSonic/UltraSonic.srcs/constrs_1/imports/ECE5710/nexys4_ddr.xdc:162]
Resolution: If [get_<value>] was used to populate the object, check to make sure this command returns at least one valid object.
WARNING: [Vivado 12-584] No ports matched 'MIC_LRSEL'. [F:/MastersProgram/LUSIDVIP/UltraSonic/UltraSonic.srcs/constrs_1/imports/ECE5710/nexys4_ddr.xdc:163]
CRITICAL WARNING: [Common 17-55] 'set_property' expects at least one object. [F:/MastersProgram/LUSIDVIP/UltraSonic/UltraSonic.srcs/constrs_1/imports/ECE5710/nexys4_ddr.xdc:163]
Resolution: If [get_<value>] was used to populate the object, check to make sure this command returns at least one valid object.
WARNING: [Vivado 12-584] No ports matched 'AUD_PWM'. [F:/MastersProgram/LUSIDVIP/UltraSonic/UltraSonic.srcs/constrs_1/imports/ECE5710/nexys4_ddr.xdc:166]
CRITICAL WARNING: [Common 17-55] 'set_property' expects at least one object. [F:/MastersProgram/LUSIDVIP/UltraSonic/UltraSonic.srcs/constrs_1/imports/ECE5710/nexys4_ddr.xdc:166]
Resolution: If [get_<value>] was used to populate the object, check to make sure this command returns at least one valid object.
WARNING: [Vivado 12-584] No ports matched 'AUD_SD'. [F:/MastersProgram/LUSIDVIP/UltraSonic/UltraSonic.srcs/constrs_1/imports/ECE5710/nexys4_ddr.xdc:167]
CRITICAL WARNING: [Common 17-55] 'set_property' expects at least one object. [F:/MastersProgram/LUSIDVIP/UltraSonic/UltraSonic.srcs/constrs_1/imports/ECE5710/nexys4_ddr.xdc:167]
Resolution: If [get_<value>] was used to populate the object, check to make sure this command returns at least one valid object.
WARNING: [Vivado 12-584] No ports matched 'RxD'. [F:/MastersProgram/LUSIDVIP/UltraSonic/UltraSonic.srcs/constrs_1/imports/ECE5710/nexys4_ddr.xdc:170]
CRITICAL WARNING: [Common 17-55] 'set_property' expects at least one object. [F:/MastersProgram/LUSIDVIP/UltraSonic/UltraSonic.srcs/constrs_1/imports/ECE5710/nexys4_ddr.xdc:170]
Resolution: If [get_<value>] was used to populate the object, check to make sure this command returns at least one valid object.
WARNING: [Vivado 12-584] No ports matched 'TxD'. [F:/MastersProgram/LUSIDVIP/UltraSonic/UltraSonic.srcs/constrs_1/imports/ECE5710/nexys4_ddr.xdc:171]
INFO: [Common 17-14] Message 'Vivado 12-584' appears 100 times and further instances of the messages will be disabled. Use the Tcl command set_msg_config to change the current settings. [F:/MastersProgram/LUSIDVIP/UltraSonic/UltraSonic.srcs/constrs_1/imports/ECE5710/nexys4_ddr.xdc:171]
CRITICAL WARNING: [Common 17-55] 'set_property' expects at least one object. [F:/MastersProgram/LUSIDVIP/UltraSonic/UltraSonic.srcs/constrs_1/imports/ECE5710/nexys4_ddr.xdc:171]
Resolution: If [get_<value>] was used to populate the object, check to make sure this command returns at least one valid object.
INFO: [Common 17-14] Message 'Common 17-55' appears 100 times and further instances of the messages will be disabled. Use the Tcl command set_msg_config to change the current settings. [F:/MastersProgram/LUSIDVIP/UltraSonic/UltraSonic.srcs/constrs_1/imports/ECE5710/nexys4_ddr.xdc:171]
Finished Parsing XDC File [F:/MastersProgram/LUSIDVIP/UltraSonic/UltraSonic.srcs/constrs_1/imports/ECE5710/nexys4_ddr.xdc]
INFO: [Opt 31-138] Pushed 0 inverter(s) to 0 load pin(s).
INFO: [Project 1-111] Unisim Transformation Summary:
No Unisim elements were transformed.

9 Infos, 100 Warnings, 100 Critical Warnings and 0 Errors encountered.
link_design completed successfully
link_design: Time (s): cpu = 00:00:06 ; elapsed = 00:00:07 . Memory (MB): peak = 563.293 ; gain = 337.574
Command: opt_design
Attempting to get a license for feature 'Implementation' and/or device 'xc7a100t'
INFO: [Common 17-349] Got license for feature 'Implementation' and/or device 'xc7a100t'
Running DRC as a precondition to command opt_design

Starting DRC Task
INFO: [DRC 23-27] Running DRC with 2 threads
INFO: [Project 1-461] DRC finished with 0 Errors
INFO: [Project 1-462] Please refer to the DRC report (report_drc) for more information.

Time (s): cpu = 00:00:01 ; elapsed = 00:00:00.662 . Memory (MB): peak = 576.391 ; gain = 13.098

Starting Cache Timing Information Task
INFO: [Timing 38-35] Done setting XDC timing constraints.
Ending Cache Timing Information Task | Checksum: 177fdea69

Time (s): cpu = 00:00:08 ; elapsed = 00:00:10 . Memory (MB): peak = 1058.395 ; gain = 482.004

Starting Logic Optimization Task

Phase 1 Retarget
INFO: [Opt 31-138] Pushed 1 inverter(s) to 2 load pin(s).
INFO: [Opt 31-49] Retargeted 0 cell(s).
Phase 1 Retarget | Checksum: 1fb962a8c

Time (s): cpu = 00:00:00 ; elapsed = 00:00:00.045 . Memory (MB): peak = 1058.395 ; gain = 0.000
INFO: [Opt 31-389] Phase Retarget created 0 cells and removed 0 cells

Phase 2 Constant propagation
INFO: [Opt 31-138] Pushed 0 inverter(s) to 0 load pin(s).
Phase 2 Constant propagation | Checksum: 1fb962a8c

Time (s): cpu = 00:00:00 ; elapsed = 00:00:00.059 . Memory (MB): peak = 1058.395 ; gain = 0.000
INFO: [Opt 31-389] Phase Constant propagation created 0 cells and removed 0 cells

Phase 3 Sweep
Phase 3 Sweep | Checksum: 1d6580d10

Time (s): cpu = 00:00:00 ; elapsed = 00:00:00.078 . Memory (MB): peak = 1058.395 ; gain = 0.000
INFO: [Opt 31-389] Phase Sweep created 3 cells and removed 0 cells

Phase 4 BUFG optimization
Phase 4 BUFG optimization | Checksum: 1d6580d10

Time (s): cpu = 00:00:00 ; elapsed = 00:00:00.096 . Memory (MB): peak = 1058.395 ; gain = 0.000
INFO: [Opt 31-662] Phase BUFG optimization created 0 cells of which 0 are BUFGs and removed 0 cells.

Phase 5 Shift Register Optimization
Phase 5 Shift Register Optimization | Checksum: 15dee4a4a

Time (s): cpu = 00:00:00 ; elapsed = 00:00:00.130 . Memory (MB): peak = 1058.395 ; gain = 0.000
INFO: [Opt 31-389] Phase Shift Register Optimization created 0 cells and removed 0 cells

Phase 6 Post Processing Netlist
Phase 6 Post Processing Netlist | Checksum: 1c00eb39d

Time (s): cpu = 00:00:00 ; elapsed = 00:00:00.134 . Memory (MB): peak = 1058.395 ; gain = 0.000
INFO: [Opt 31-389] Phase Post Processing Netlist created 0 cells and removed 0 cells

Starting Connectivity Check Task

Time (s): cpu = 00:00:00 ; elapsed = 00:00:00.001 . Memory (MB): peak = 1058.395 ; gain = 0.000
Ending Logic Optimization Task | Checksum: 1c00eb39d

Time (s): cpu = 00:00:00 ; elapsed = 00:00:00.137 . Memory (MB): peak = 1058.395 ; gain = 0.000

Starting Power Optimization Task
INFO: [Pwropt 34-132] Skipping clock gating for clocks with a period < 2.00 ns.
Ending Power Optimization Task | Checksum: 1c00eb39d

Time (s): cpu = 00:00:00 ; elapsed = 00:00:00.017 . Memory (MB): peak = 1058.395 ; gain = 0.000

Starting Final Cleanup Task
Ending Final Cleanup Task | Checksum: 1c00eb39d

Time (s): cpu = 00:00:00 ; elapsed = 00:00:00 . Memory (MB): peak = 1058.395 ; gain = 0.000
INFO: [Common 17-83] Releasing license: Implementation
25 Infos, 100 Warnings, 100 Critical Warnings and 0 Errors encountered.
opt_design completed successfully
opt_design: Time (s): cpu = 00:00:09 ; elapsed = 00:00:11 . Memory (MB): peak = 1058.395 ; gain = 495.102
INFO: [Timing 38-480] Writing timing data to binary archive.
Writing placer database...
Writing XDEF routing.
Writing XDEF routing logical nets.
Writing XDEF routing special nets.
Write XDEF Complete: Time (s): cpu = 00:00:01 ; elapsed = 00:00:00.031 . Memory (MB): peak = 1058.395 ; gain = 0.000
INFO: [Common 17-1381] The checkpoint 'F:/MastersProgram/LUSIDVIP/UltraSonic/UltraSonic.runs/impl_1/projectTop_opt.dcp' has been generated.
INFO: [runtcl-4] Executing : report_drc -file projectTop_drc_opted.rpt -pb projectTop_drc_opted.pb -rpx projectTop_drc_opted.rpx
Command: report_drc -file projectTop_drc_opted.rpt -pb projectTop_drc_opted.pb -rpx projectTop_drc_opted.rpx
INFO: [IP_Flow 19-234] Refreshing IP repositories
INFO: [IP_Flow 19-1704] No user IP repositories specified
INFO: [IP_Flow 19-2313] Loaded Vivado IP repository 'F:/MastersProgram/ECE5710Hardware/Vivado/2018.2/data/ip'.
INFO: [DRC 23-27] Running DRC with 2 threads
INFO: [Coretcl 2-168] The results of DRC are in file F:/MastersProgram/LUSIDVIP/UltraSonic/UltraSonic.runs/impl_1/projectTop_drc_opted.rpt.
report_drc completed successfully
Command: place_design
Attempting to get a license for feature 'Implementation' and/or device 'xc7a100t'
INFO: [Common 17-349] Got license for feature 'Implementation' and/or device 'xc7a100t'
INFO: [DRC 23-27] Running DRC with 2 threads
INFO: [Vivado_Tcl 4-198] DRC finished with 0 Errors
INFO: [Vivado_Tcl 4-199] Please refer to the DRC report (report_drc) for more information.
Running DRC as a precondition to command place_design
INFO: [DRC 23-27] Running DRC with 2 threads
INFO: [Vivado_Tcl 4-198] DRC finished with 0 Errors
INFO: [Vivado_Tcl 4-199] Please refer to the DRC report (report_drc) for more information.

Starting Placer Task
INFO: [Place 30-611] Multithreading enabled for place_design using a maximum of 2 CPUs

Phase 1 Placer Initialization

Phase 1.1 Placer Initialization Netlist Sorting
Netlist sorting complete. Time (s): cpu = 00:00:00 ; elapsed = 00:00:00.001 . Memory (MB): peak = 1091.008 ; gain = 0.000
Phase 1.1 Placer Initialization Netlist Sorting | Checksum: dad30dd9

Time (s): cpu = 00:00:00 ; elapsed = 00:00:00.011 . Memory (MB): peak = 1091.008 ; gain = 0.000
Netlist sorting complete. Time (s): cpu = 00:00:00 ; elapsed = 00:00:00 . Memory (MB): peak = 1091.008 ; gain = 0.000

Phase 1.2 IO Placement/ Clock Placement/ Build Placer Device
INFO: [Timing 38-35] Done setting XDC timing constraints.
Phase 1.2 IO Placement/ Clock Placement/ Build Placer Device | Checksum: c118967a

Time (s): cpu = 00:00:02 ; elapsed = 00:00:02 . Memory (MB): peak = 1103.055 ; gain = 12.047

Phase 1.3 Build Placer Netlist Model
Phase 1.3 Build Placer Netlist Model | Checksum: 18f9a2bd8

Time (s): cpu = 00:00:03 ; elapsed = 00:00:02 . Memory (MB): peak = 1111.758 ; gain = 20.750

Phase 1.4 Constrain Clocks/Macros
Phase 1.4 Constrain Clocks/Macros | Checksum: 18f9a2bd8

Time (s): cpu = 00:00:03 ; elapsed = 00:00:02 . Memory (MB): peak = 1111.758 ; gain = 20.750
Phase 1 Placer Initialization | Checksum: 18f9a2bd8

Time (s): cpu = 00:00:03 ; elapsed = 00:00:02 . Memory (MB): peak = 1111.758 ; gain = 20.750

Phase 2 Global Placement

Phase 2.1 Floorplanning
Phase 2.1 Floorplanning | Checksum: 1578dd7d8

Time (s): cpu = 00:00:03 ; elapsed = 00:00:02 . Memory (MB): peak = 1111.758 ; gain = 20.750

Phase 2.2 Physical Synthesis In Placer
INFO: [Physopt 32-65] No nets found for high-fanout optimization.
INFO: [Physopt 32-232] Optimized 0 net. Created 0 new instance.
INFO: [Physopt 32-775] End 1 Pass. Optimized 0 net or cell. Created 0 new cell, deleted 0 existing cell and moved 0 existing cell
Netlist sorting complete. Time (s): cpu = 00:00:00 ; elapsed = 00:00:00.001 . Memory (MB): peak = 1111.758 ; gain = 0.000

Summary of Physical Synthesis Optimizations
============================================


-----------------------------------------------------------------------------------------------------------------------------
|  Optimization       |  Added Cells  |  Removed Cells  |  Optimized Cells/Nets  |  Dont Touch  |  Iterations  |  Elapsed   |
-----------------------------------------------------------------------------------------------------------------------------
|  Very High Fanout   |            0  |              0  |                     0  |           0  |           1  |  00:00:00  |
|  Total              |            0  |              0  |                     0  |           0  |           1  |  00:00:00  |
-----------------------------------------------------------------------------------------------------------------------------


Phase 2.2 Physical Synthesis In Placer | Checksum: 1b147b055

Time (s): cpu = 00:00:05 ; elapsed = 00:00:04 . Memory (MB): peak = 1111.758 ; gain = 20.750
Phase 2 Global Placement | Checksum: 155d99a12

Time (s): cpu = 00:00:06 ; elapsed = 00:00:04 . Memory (MB): peak = 1111.758 ; gain = 20.750

Phase 3 Detail Placement

Phase 3.1 Commit Multi Column Macros
Phase 3.1 Commit Multi Column Macros | Checksum: 155d99a12

Time (s): cpu = 00:00:06 ; elapsed = 00:00:04 . Memory (MB): peak = 1111.758 ; gain = 20.750

Phase 3.2 Commit Most Macros & LUTRAMs
Phase 3.2 Commit Most Macros & LUTRAMs | Checksum: 1c94a331f

Time (s): cpu = 00:00:06 ; elapsed = 00:00:04 . Memory (MB): peak = 1111.758 ; gain = 20.750

Phase 3.3 Area Swap Optimization
Phase 3.3 Area Swap Optimization | Checksum: 1d247d80b

Time (s): cpu = 00:00:06 ; elapsed = 00:00:04 . Memory (MB): peak = 1111.758 ; gain = 20.750

Phase 3.4 Pipeline Register Optimization
Phase 3.4 Pipeline Register Optimization | Checksum: 1dd812b3f

Time (s): cpu = 00:00:06 ; elapsed = 00:00:04 . Memory (MB): peak = 1111.758 ; gain = 20.750

Phase 3.5 Small Shape Detail Placement
Phase 3.5 Small Shape Detail Placement | Checksum: 1aa77a3f6

Time (s): cpu = 00:00:06 ; elapsed = 00:00:04 . Memory (MB): peak = 1111.758 ; gain = 20.750

Phase 3.6 Re-assign LUT pins
Phase 3.6 Re-assign LUT pins | Checksum: 229dc76b4

Time (s): cpu = 00:00:06 ; elapsed = 00:00:04 . Memory (MB): peak = 1111.758 ; gain = 20.750

Phase 3.7 Pipeline Register Optimization
Phase 3.7 Pipeline Register Optimization | Checksum: 229dc76b4

Time (s): cpu = 00:00:06 ; elapsed = 00:00:04 . Memory (MB): peak = 1111.758 ; gain = 20.750
Phase 3 Detail Placement | Checksum: 229dc76b4

Time (s): cpu = 00:00:06 ; elapsed = 00:00:04 . Memory (MB): peak = 1111.758 ; gain = 20.750

Phase 4 Post Placement Optimization and Clean-Up

Phase 4.1 Post Commit Optimization
INFO: [Timing 38-35] Done setting XDC timing constraints.

Phase 4.1.1 Post Placement Optimization
Post Placement Optimization Initialization | Checksum: 209d054da

Phase 4.1.1.1 BUFG Insertion
INFO: [Place 46-31] BUFG insertion identified 0 candidate nets, 0 success, 0 skipped for placement/routing, 0 skipped for timing, 0 skipped for netlist change reason.
Phase 4.1.1.1 BUFG Insertion | Checksum: 209d054da

Time (s): cpu = 00:00:06 ; elapsed = 00:00:04 . Memory (MB): peak = 1118.160 ; gain = 27.152
INFO: [Place 30-746] Post Placement Timing Summary WNS=5.858. For the most accurate timing information please run report_timing.
Phase 4.1.1 Post Placement Optimization | Checksum: 260ddcea4

Time (s): cpu = 00:00:06 ; elapsed = 00:00:04 . Memory (MB): peak = 1118.160 ; gain = 27.152
Phase 4.1 Post Commit Optimization | Checksum: 260ddcea4

Time (s): cpu = 00:00:06 ; elapsed = 00:00:04 . Memory (MB): peak = 1118.160 ; gain = 27.152

Phase 4.2 Post Placement Cleanup
Phase 4.2 Post Placement Cleanup | Checksum: 260ddcea4

Time (s): cpu = 00:00:06 ; elapsed = 00:00:04 . Memory (MB): peak = 1118.160 ; gain = 27.152

Phase 4.3 Placer Reporting
Phase 4.3 Placer Reporting | Checksum: 260ddcea4

Time (s): cpu = 00:00:06 ; elapsed = 00:00:04 . Memory (MB): peak = 1118.160 ; gain = 27.152

Phase 4.4 Final Placement Cleanup
Phase 4.4 Final Placement Cleanup | Checksum: 24b4fb78f

Time (s): cpu = 00:00:06 ; elapsed = 00:00:04 . Memory (MB): peak = 1118.160 ; gain = 27.152
Phase 4 Post Placement Optimization and Clean-Up | Checksum: 24b4fb78f

Time (s): cpu = 00:00:06 ; elapsed = 00:00:04 . Memory (MB): peak = 1118.160 ; gain = 27.152
Ending Placer Task | Checksum: 162b26dca

Time (s): cpu = 00:00:06 ; elapsed = 00:00:04 . Memory (MB): peak = 1118.160 ; gain = 27.152
INFO: [Common 17-83] Releasing license: Implementation
49 Infos, 100 Warnings, 100 Critical Warnings and 0 Errors encountered.
place_design completed successfully
INFO: [Timing 38-480] Writing timing data to binary archive.
Writing placer database...
Writing XDEF routing.
Writing XDEF routing logical nets.
Writing XDEF routing special nets.
Write XDEF Complete: Time (s): cpu = 00:00:01 ; elapsed = 00:00:00.077 . Memory (MB): peak = 1125.777 ; gain = 7.582
INFO: [Common 17-1381] The checkpoint 'F:/MastersProgram/LUSIDVIP/UltraSonic/UltraSonic.runs/impl_1/projectTop_placed.dcp' has been generated.
INFO: [runtcl-4] Executing : report_io -file projectTop_io_placed.rpt
report_io: Time (s): cpu = 00:00:00 ; elapsed = 00:00:00.045 . Memory (MB): peak = 1127.805 ; gain = 0.000
INFO: [runtcl-4] Executing : report_utilization -file projectTop_utilization_placed.rpt -pb projectTop_utilization_placed.pb
report_utilization: Time (s): cpu = 00:00:00 ; elapsed = 00:00:00.047 . Memory (MB): peak = 1127.805 ; gain = 0.000
INFO: [runtcl-4] Executing : report_control_sets -verbose -file projectTop_control_sets_placed.rpt
report_control_sets: Time (s): cpu = 00:00:00 ; elapsed = 00:00:00.003 . Memory (MB): peak = 1127.805 ; gain = 0.000
Command: route_design
Attempting to get a license for feature 'Implementation' and/or device 'xc7a100t'
INFO: [Common 17-349] Got license for feature 'Implementation' and/or device 'xc7a100t'
Running DRC as a precondition to command route_design
INFO: [DRC 23-27] Running DRC with 2 threads
INFO: [Vivado_Tcl 4-198] DRC finished with 0 Errors
INFO: [Vivado_Tcl 4-199] Please refer to the DRC report (report_drc) for more information.


Starting Routing Task
INFO: [Route 35-254] Multithreading enabled for route_design using a maximum of 2 CPUs
Checksum: PlaceDB: edc38d44 ConstDB: 0 ShapeSum: 74eee086 RouteDB: 0

Phase 1 Build RT Design
Phase 1 Build RT Design | Checksum: b7771744

Time (s): cpu = 00:00:27 ; elapsed = 00:00:24 . Memory (MB): peak = 1284.316 ; gain = 156.512
Post Restoration Checksum: NetGraph: 4ad25479 NumContArr: 6ca4c2cb Constraints: 0 Timing: 0

Phase 2 Router Initialization

Phase 2.1 Create Timer
Phase 2.1 Create Timer | Checksum: b7771744

Time (s): cpu = 00:00:28 ; elapsed = 00:00:24 . Memory (MB): peak = 1284.316 ; gain = 156.512

Phase 2.2 Fix Topology Constraints
Phase 2.2 Fix Topology Constraints | Checksum: b7771744

Time (s): cpu = 00:00:28 ; elapsed = 00:00:24 . Memory (MB): peak = 1289.785 ; gain = 161.980

Phase 2.3 Pre Route Cleanup
Phase 2.3 Pre Route Cleanup | Checksum: b7771744

Time (s): cpu = 00:00:28 ; elapsed = 00:00:24 . Memory (MB): peak = 1289.785 ; gain = 161.980
 Number of Nodes with overlaps = 0

Phase 2.4 Update Timing
Phase 2.4 Update Timing | Checksum: 1f3062767

Time (s): cpu = 00:00:28 ; elapsed = 00:00:25 . Memory (MB): peak = 1304.555 ; gain = 176.750
INFO: [Route 35-416] Intermediate Timing Summary | WNS=5.713  | TNS=0.000  | WHS=0.004  | THS=0.000  |

Phase 2 Router Initialization | Checksum: 207cdfa1f

Time (s): cpu = 00:00:28 ; elapsed = 00:00:25 . Memory (MB): peak = 1304.555 ; gain = 176.750

Phase 3 Initial Routing
Phase 3 Initial Routing | Checksum: 97042108

Time (s): cpu = 00:00:28 ; elapsed = 00:00:25 . Memory (MB): peak = 1304.555 ; gain = 176.750

Phase 4 Rip-up And Reroute

Phase 4.1 Global Iteration 0
 Number of Nodes with overlaps = 25
 Number of Nodes with overlaps = 0
INFO: [Route 35-416] Intermediate Timing Summary | WNS=5.860  | TNS=0.000  | WHS=N/A    | THS=N/A    |

Phase 4.1 Global Iteration 0 | Checksum: 20ad13a9e

Time (s): cpu = 00:00:28 ; elapsed = 00:00:25 . Memory (MB): peak = 1304.555 ; gain = 176.750
Phase 4 Rip-up And Reroute | Checksum: 20ad13a9e

Time (s): cpu = 00:00:28 ; elapsed = 00:00:25 . Memory (MB): peak = 1304.555 ; gain = 176.750

Phase 5 Delay and Skew Optimization

Phase 5.1 Delay CleanUp
Phase 5.1 Delay CleanUp | Checksum: 20ad13a9e

Time (s): cpu = 00:00:28 ; elapsed = 00:00:25 . Memory (MB): peak = 1304.555 ; gain = 176.750

Phase 5.2 Clock Skew Optimization
Phase 5.2 Clock Skew Optimization | Checksum: 20ad13a9e

Time (s): cpu = 00:00:28 ; elapsed = 00:00:25 . Memory (MB): peak = 1304.555 ; gain = 176.750
Phase 5 Delay and Skew Optimization | Checksum: 20ad13a9e

Time (s): cpu = 00:00:28 ; elapsed = 00:00:25 . Memory (MB): peak = 1304.555 ; gain = 176.750

Phase 6 Post Hold Fix

Phase 6.1 Hold Fix Iter

Phase 6.1.1 Update Timing
Phase 6.1.1 Update Timing | Checksum: 1d10c3d5e

Time (s): cpu = 00:00:28 ; elapsed = 00:00:25 . Memory (MB): peak = 1304.555 ; gain = 176.750
INFO: [Route 35-416] Intermediate Timing Summary | WNS=5.860  | TNS=0.000  | WHS=0.206  | THS=0.000  |

Phase 6.1 Hold Fix Iter | Checksum: 1d10c3d5e

Time (s): cpu = 00:00:28 ; elapsed = 00:00:25 . Memory (MB): peak = 1304.555 ; gain = 176.750
Phase 6 Post Hold Fix | Checksum: 1d10c3d5e

Time (s): cpu = 00:00:28 ; elapsed = 00:00:25 . Memory (MB): peak = 1304.555 ; gain = 176.750

Phase 7 Route finalize

Router Utilization Summary
  Global Vertical Routing Utilization    = 0.049876 %
  Global Horizontal Routing Utilization  = 0.0752344 %
  Routable Net Status*
  *Does not include unroutable nets such as driverless and loadless.
  Run report_route_status for detailed report.
  Number of Failed Nets               = 0
  Number of Unrouted Nets             = 0
  Number of Partially Routed Nets     = 0
  Number of Node Overlaps             = 0

Phase 7 Route finalize | Checksum: 1d10c3d5e

Time (s): cpu = 00:00:28 ; elapsed = 00:00:25 . Memory (MB): peak = 1304.555 ; gain = 176.750

Phase 8 Verifying routed nets

 Verification completed successfully
Phase 8 Verifying routed nets | Checksum: 1d10c3d5e

Time (s): cpu = 00:00:28 ; elapsed = 00:00:25 . Memory (MB): peak = 1304.555 ; gain = 176.750

Phase 9 Depositing Routes
Phase 9 Depositing Routes | Checksum: 15f5f608a

Time (s): cpu = 00:00:29 ; elapsed = 00:00:25 . Memory (MB): peak = 1304.555 ; gain = 176.750

Phase 10 Post Router Timing
INFO: [Route 35-57] Estimated Timing Summary | WNS=5.860  | TNS=0.000  | WHS=0.206  | THS=0.000  |

INFO: [Route 35-327] The final timing numbers are based on the router estimated timing analysis. For a complete and accurate timing signoff, please run report_timing_summary.
Phase 10 Post Router Timing | Checksum: 15f5f608a

Time (s): cpu = 00:00:29 ; elapsed = 00:00:25 . Memory (MB): peak = 1304.555 ; gain = 176.750
INFO: [Route 35-16] Router Completed Successfully

Time (s): cpu = 00:00:29 ; elapsed = 00:00:25 . Memory (MB): peak = 1304.555 ; gain = 176.750

Routing Is Done.
INFO: [Common 17-83] Releasing license: Implementation
66 Infos, 100 Warnings, 100 Critical Warnings and 0 Errors encountered.
route_design completed successfully
route_design: Time (s): cpu = 00:00:30 ; elapsed = 00:00:26 . Memory (MB): peak = 1304.555 ; gain = 176.750
INFO: [Timing 38-480] Writing timing data to binary archive.
Writing placer database...
Writing XDEF routing.
Writing XDEF routing logical nets.
Writing XDEF routing special nets.
Write XDEF Complete: Time (s): cpu = 00:00:00 ; elapsed = 00:00:00.089 . Memory (MB): peak = 1304.555 ; gain = 0.000
INFO: [Common 17-1381] The checkpoint 'F:/MastersProgram/LUSIDVIP/UltraSonic/UltraSonic.runs/impl_1/projectTop_routed.dcp' has been generated.
INFO: [runtcl-4] Executing : report_drc -file projectTop_drc_routed.rpt -pb projectTop_drc_routed.pb -rpx projectTop_drc_routed.rpx
Command: report_drc -file projectTop_drc_routed.rpt -pb projectTop_drc_routed.pb -rpx projectTop_drc_routed.rpx
INFO: [DRC 23-27] Running DRC with 2 threads
INFO: [Coretcl 2-168] The results of DRC are in file F:/MastersProgram/LUSIDVIP/UltraSonic/UltraSonic.runs/impl_1/projectTop_drc_routed.rpt.
report_drc completed successfully
INFO: [runtcl-4] Executing : report_methodology -file projectTop_methodology_drc_routed.rpt -pb projectTop_methodology_drc_routed.pb -rpx projectTop_methodology_drc_routed.rpx
Command: report_methodology -file projectTop_methodology_drc_routed.rpt -pb projectTop_methodology_drc_routed.pb -rpx projectTop_methodology_drc_routed.rpx
INFO: [Timing 38-35] Done setting XDC timing constraints.
INFO: [Timing 38-35] Done setting XDC timing constraints.
INFO: [DRC 23-133] Running Methodology with 2 threads
INFO: [Coretcl 2-1520] The results of Report Methodology are in file F:/MastersProgram/LUSIDVIP/UltraSonic/UltraSonic.runs/impl_1/projectTop_methodology_drc_routed.rpt.
report_methodology completed successfully
INFO: [runtcl-4] Executing : report_power -file projectTop_power_routed.rpt -pb projectTop_power_summary_routed.pb -rpx projectTop_power_routed.rpx
Command: report_power -file projectTop_power_routed.rpt -pb projectTop_power_summary_routed.pb -rpx projectTop_power_routed.rpx
INFO: [Timing 38-35] Done setting XDC timing constraints.
Running Vector-less Activity Propagation...

Finished Running Vector-less Activity Propagation
78 Infos, 100 Warnings, 100 Critical Warnings and 0 Errors encountered.
report_power completed successfully
INFO: [runtcl-4] Executing : report_route_status -file projectTop_route_status.rpt -pb projectTop_route_status.pb
INFO: [runtcl-4] Executing : report_timing_summary -max_paths 10 -file projectTop_timing_summary_routed.rpt -pb projectTop_timing_summary_routed.pb -rpx projectTop_timing_summary_routed.rpx -warn_on_violation 
INFO: [Timing 38-91] UpdateTimingParams: Speed grade: -1, Delay Type: min_max, Timing Stage: Requireds.
INFO: [Timing 38-191] Multithreading enabled for timing update using a maximum of 2 CPUs
INFO: [runtcl-4] Executing : report_incremental_reuse -file projectTop_incremental_reuse_routed.rpt
INFO: [Vivado_Tcl 4-545] No incremental reuse to report, no incremental placement and routing data was found.
INFO: [runtcl-4] Executing : report_clock_utilization -file projectTop_clock_utilization_routed.rpt
INFO: [runtcl-4] Executing : report_bus_skew -warn_on_violation -file projectTop_bus_skew_routed.rpt -pb projectTop_bus_skew_routed.pb -rpx projectTop_bus_skew_routed.rpx
INFO: [Timing 38-91] UpdateTimingParams: Speed grade: -1, Delay Type: min_max, Timing Stage: Requireds.
INFO: [Timing 38-191] Multithreading enabled for timing update using a maximum of 2 CPUs
INFO: [Common 17-206] Exiting Vivado at Sun Dec 11 13:25:59 2022...

*** Running vivado
    with args -log projectTop.vdi -applog -m64 -product Vivado -messageDb vivado.pb -mode batch -source projectTop.tcl -notrace


****** Vivado v2018.2 (64-bit)
  **** SW Build 2258646 on Thu Jun 14 20:03:12 MDT 2018
  **** IP Build 2256618 on Thu Jun 14 22:10:49 MDT 2018
    ** Copyright 1986-2018 Xilinx, Inc. All Rights Reserved.

source projectTop.tcl -notrace
Command: open_checkpoint projectTop_routed.dcp

Starting open_checkpoint Task

Time (s): cpu = 00:00:00 ; elapsed = 00:00:00.030 . Memory (MB): peak = 223.250 ; gain = 0.000
INFO: [Netlist 29-17] Analyzing 61 Unisim elements for replacement
INFO: [Netlist 29-28] Unisim Transformation completed in 0 CPU seconds
INFO: [Project 1-479] Netlist was created with Vivado 2018.2
INFO: [Device 21-403] Loading part xc7a100tcsg324-1
INFO: [Project 1-570] Preparing netlist for logic optimization
INFO: [Timing 38-478] Restoring timing data from binary archive.
INFO: [Timing 38-479] Binary timing data restore complete.
INFO: [Project 1-856] Restoring constraints from binary archive.
INFO: [Project 1-853] Binary constraint restore complete.
Reading XDEF placement.
Reading placer database...
Reading XDEF routing.
Read XDEF File: Time (s): cpu = 00:00:00 ; elapsed = 00:00:00.125 . Memory (MB): peak = 1053.375 ; gain = 0.000
Restored from archive | CPU: 0.000000 secs | Memory: 0.000000 MB |
Finished XDEF File Restore: Time (s): cpu = 00:00:00 ; elapsed = 00:00:00.125 . Memory (MB): peak = 1053.375 ; gain = 0.000
INFO: [Project 1-111] Unisim Transformation Summary:
No Unisim elements were transformed.

INFO: [Project 1-604] Checkpoint was created with Vivado v2018.2 (64-bit) build 2258646
open_checkpoint: Time (s): cpu = 00:00:14 ; elapsed = 00:00:17 . Memory (MB): peak = 1053.375 ; gain = 839.168
Command: write_bitstream -force projectTop.bit
Attempting to get a license for feature 'Implementation' and/or device 'xc7a100t'
INFO: [Common 17-349] Got license for feature 'Implementation' and/or device 'xc7a100t'
Running DRC as a precondition to command write_bitstream
INFO: [IP_Flow 19-234] Refreshing IP repositories
INFO: [IP_Flow 19-1704] No user IP repositories specified
INFO: [IP_Flow 19-2313] Loaded Vivado IP repository 'F:/MastersProgram/ECE5710Hardware/Vivado/2018.2/data/ip'.
INFO: [DRC 23-27] Running DRC with 2 threads
WARNING: [DRC DPIP-1] Input pipelining: DSP ust/math/multOp input ust/math/multOp/A[29:0] is not pipelined. Pipelining DSP48 input will improve performance.
WARNING: [DRC DPOP-1] PREG Output pipelining: DSP ust/math/multOp output ust/math/multOp/P[47:0] is not pipelined (PREG=0). Pipelining the DSP48 output will improve performance and often saves power so it is suggested whenever possible to fully pipeline this function.  If this DSP48 function was inferred, it is suggested to describe an additional register stage after this function.  If the DSP48 was instantiated in the design, it is suggested to set the PREG attribute to 1.
WARNING: [DRC DPREG-4] DSP48E1_PregDynOpmodeZmuxP:: The DSP48E1 cell ust/math/multOp with the given dynamic OPMODE[6:0] connections may lead to an unregistered asynchronous feedback path without the PREG attribute enabled. Please refer to the user guide and if one of the internal P feedback opmodes is possible for this design the PREG attribute must be set to 1, currently set to 0
INFO: [Vivado 12-3199] DRC finished with 0 Errors, 3 Warnings
INFO: [Vivado 12-3200] Please refer to the DRC report (report_drc) for more information.
INFO: [Designutils 20-2272] Running write_bitstream with 2 threads.
Loading data files...
Loading site data...
Loading route data...
Processing options...
Creating bitmap...
Creating bitstream...
Bitstream compression saved 25951168 bits.
Writing bitstream ./projectTop.bit...
INFO: [Vivado 12-1842] Bitgen Completed Successfully.
INFO: [Project 1-120] WebTalk data collection is mandatory when using a WebPACK part without a full Vivado license. To see the specific WebTalk data collected for your design, open the usage_statistics_webtalk.html or usage_statistics_webtalk.xml file in the implementation directory.
INFO: [Common 17-83] Releasing license: Implementation
22 Infos, 3 Warnings, 0 Critical Warnings and 0 Errors encountered.
write_bitstream completed successfully
write_bitstream: Time (s): cpu = 00:00:12 ; elapsed = 00:00:12 . Memory (MB): peak = 1545.082 ; gain = 491.707
INFO: [Common 17-206] Exiting Vivado at Sun Dec 11 13:27:43 2022...
