#-----------------------------------------------------------
# Vivado v2018.2 (64-bit)
# SW Build 2258646 on Thu Jun 14 20:03:12 MDT 2018
# IP Build 2256618 on Thu Jun 14 22:10:49 MDT 2018
# Start of session at: Sun Nov 27 17:24:25 2022
# Process ID: 13372
# Current directory: F:/MastersProgram/LUSIDVIP/UltraSonic
# Command line: vivado.exe -gui_launcher_event rodinguilauncherevent17292 F:\MastersProgram\LUSIDVIP\UltraSonic\UltraSonic.xpr
# Log file: F:/MastersProgram/LUSIDVIP/UltraSonic/vivado.log
# Journal file: F:/MastersProgram/LUSIDVIP/UltraSonic\vivado.jou
#-----------------------------------------------------------
start_gui
open_project F:/MastersProgram/LUSIDVIP/UltraSonic/UltraSonic.xpr
Scanning sources...
Finished scanning sources
INFO: [IP_Flow 19-234] Refreshing IP repositories
INFO: [IP_Flow 19-1704] No user IP repositories specified
INFO: [IP_Flow 19-2313] Loaded Vivado IP repository 'F:/MastersProgram/ECE5710Hardware/Vivado/2018.2/data/ip'.
update_compile_order -fileset sources_1
exit
INFO: [Common 17-206] Exiting Vivado at Sun Nov 27 17:25:39 2022...
